<?xml version="1.0" encoding="UTF-8"?>
<coverage generated="1717397067772" clover="3.2.0">
  <project timestamp="1717397067772" name="All files">
    <metrics statements="195" coveredstatements="85" conditionals="44" coveredconditionals="9" methods="42" coveredmethods="12" elements="281" coveredelements="106" complexity="0" loc="195" ncloc="195" packages="2" files="4" classes="4"/>
    <package name="todo-app">
      <metrics statements="152" coveredstatements="57" conditionals="32" coveredconditionals="2" methods="23" coveredmethods="6"/>
      <file name="app.js" path="/home/godlord/wd201/todo-app/app.js">
        <metrics statements="152" coveredstatements="57" conditionals="32" coveredconditionals="2" methods="23" coveredmethods="6"/>
        <line num="1" count="1" type="stmt"/>
        <line num="2" count="1" type="stmt"/>
        <line num="3" count="1" type="stmt"/>
        <line num="4" count="1" type="stmt"/>
        <line num="5" count="1" type="stmt"/>
        <line num="6" count="1" type="stmt"/>
        <line num="7" count="1" type="stmt"/>
        <line num="8" count="1" type="stmt"/>
        <line num="9" count="1" type="stmt"/>
        <line num="10" count="1" type="stmt"/>
        <line num="11" count="1" type="stmt"/>
        <line num="12" count="1" type="stmt"/>
        <line num="13" count="1" type="stmt"/>
        <line num="14" count="1" type="stmt"/>
        <line num="15" count="1" type="stmt"/>
        <line num="16" count="1" type="stmt"/>
        <line num="17" count="1" type="stmt"/>
        <line num="18" count="1" type="stmt"/>
        <line num="19" count="1" type="stmt"/>
        <line num="20" count="1" type="stmt"/>
        <line num="21" count="1" type="stmt"/>
        <line num="22" count="1" type="stmt"/>
        <line num="23" count="1" type="stmt"/>
        <line num="24" count="1" type="stmt"/>
        <line num="25" count="1" type="stmt"/>
        <line num="26" count="1" type="stmt"/>
        <line num="27" count="1" type="stmt"/>
        <line num="33" count="1" type="stmt"/>
        <line num="34" count="13" type="stmt"/>
        <line num="35" count="13" type="stmt"/>
        <line num="37" count="1" type="stmt"/>
        <line num="38" count="1" type="stmt"/>
        <line num="41" count="1" type="stmt"/>
        <line num="45" count="1" type="stmt"/>
        <line num="47" count="0" type="stmt"/>
        <line num="48" count="0" type="cond" truecount="0" falsecount="2"/>
        <line num="49" count="0" type="stmt"/>
        <line num="51" count="0" type="stmt"/>
        <line num="54" count="0" type="stmt"/>
        <line num="61" count="1" type="stmt"/>
        <line num="62" count="0" type="stmt"/>
        <line num="63" count="0" type="stmt"/>
        <line num="66" count="1" type="stmt"/>
        <line num="67" count="0" type="stmt"/>
        <line num="69" count="0" type="stmt"/>
        <line num="72" count="0" type="stmt"/>
        <line num="76" count="1" type="stmt"/>
        <line num="77" count="7" type="cond" truecount="1" falsecount="1"/>
        <line num="78" count="0" type="stmt"/>
        <line num="80" count="7" type="stmt"/>
        <line num="85" count="1" type="stmt"/>
        <line num="87" count="1" type="stmt"/>
        <line num="88" count="0" type="stmt"/>
        <line num="89" count="0" type="stmt"/>
        <line num="90" count="0" type="stmt"/>
        <line num="91" count="0" type="stmt"/>
        <line num="92" count="0" type="stmt"/>
        <line num="93" count="0" type="stmt"/>
        <line num="94" count="0" type="stmt"/>
        <line num="96" count="0" type="cond" truecount="0" falsecount="2"/>
        <line num="97" count="0" type="stmt"/>
        <line num="108" count="0" type="stmt"/>
        <line num="116" count="1" type="stmt"/>
        <line num="118" count="0" type="stmt"/>
        <line num="124" count="1" type="stmt"/>
        <line num="126" count="0" type="cond" truecount="0" falsecount="2"/>
        <line num="127" count="0" type="stmt"/>
        <line num="128" count="0" type="stmt"/>
        <line num="130" count="0" type="cond" truecount="0" falsecount="2"/>
        <line num="131" count="0" type="stmt"/>
        <line num="132" count="0" type="stmt"/>
        <line num="134" count="0" type="cond" truecount="0" falsecount="2"/>
        <line num="135" count="0" type="stmt"/>
        <line num="136" count="0" type="stmt"/>
        <line num="138" count="0" type="cond" truecount="0" falsecount="2"/>
        <line num="139" count="0" type="stmt"/>
        <line num="140" count="0" type="stmt"/>
        <line num="142" count="0" type="cond" truecount="0" falsecount="2"/>
        <line num="143" count="0" type="stmt"/>
        <line num="144" count="0" type="stmt"/>
        <line num="147" count="0" type="stmt"/>
        <line num="148" count="0" type="stmt"/>
        <line num="149" count="0" type="stmt"/>
        <line num="155" count="0" type="stmt"/>
        <line num="156" count="0" type="cond" truecount="0" falsecount="2"/>
        <line num="157" count="0" type="stmt"/>
        <line num="160" count="0" type="stmt"/>
        <line num="163" count="0" type="stmt"/>
        <line num="168" count="1" type="stmt"/>
        <line num="169" count="1" type="stmt"/>
        <line num="174" count="1" type="stmt"/>
        <line num="175" count="0" type="stmt"/>
        <line num="176" count="0" type="stmt"/>
        <line num="177" count="0" type="cond" truecount="0" falsecount="4"/>
        <line num="178" count="0" type="stmt"/>
        <line num="179" count="0" type="stmt"/>
        <line num="181" count="0" type="stmt"/>
        <line num="182" count="0" type="cond" truecount="0" falsecount="4"/>
        <line num="183" count="0" type="stmt"/>
        <line num="184" count="0" type="stmt"/>
        <line num="186" count="0" type="stmt"/>
        <line num="187" count="0" type="stmt"/>
        <line num="190" count="0" type="stmt"/>
        <line num="191" count="0" type="stmt"/>
        <line num="192" count="0" type="stmt"/>
        <line num="195" count="1" type="stmt"/>
        <line num="197" count="0" type="stmt"/>
        <line num="198" count="0" type="stmt"/>
        <line num="200" count="1" type="stmt"/>
        <line num="201" count="1" type="stmt"/>
        <line num="202" count="1" type="cond" truecount="1" falsecount="1"/>
        <line num="203" count="1" type="stmt"/>
        <line num="206" count="1" type="stmt"/>
        <line num="207" count="0" type="stmt"/>
        <line num="208" count="0" type="stmt"/>
        <line num="209" count="0" type="stmt"/>
        <line num="210" count="0" type="stmt"/>
        <line num="213" count="0" type="stmt"/>
        <line num="214" count="0" type="stmt"/>
        <line num="218" count="1" type="stmt"/>
        <line num="219" count="0" type="stmt"/>
        <line num="220" count="0" type="stmt"/>
        <line num="221" count="0" type="stmt"/>
        <line num="223" count="0" type="stmt"/>
        <line num="224" count="0" type="stmt"/>
        <line num="228" count="1" type="stmt"/>
        <line num="229" count="0" type="cond" truecount="0" falsecount="2"/>
        <line num="230" count="0" type="stmt"/>
        <line num="231" count="0" type="stmt"/>
        <line num="233" count="0" type="cond" truecount="0" falsecount="2"/>
        <line num="234" count="0" type="stmt"/>
        <line num="235" count="0" type="stmt"/>
        <line num="237" count="0" type="stmt"/>
        <line num="238" count="0" type="stmt"/>
        <line num="243" count="0" type="stmt"/>
        <line num="245" count="0" type="stmt"/>
        <line num="246" count="0" type="stmt"/>
        <line num="260" count="1" type="stmt"/>
        <line num="261" count="0" type="stmt"/>
        <line num="262" count="0" type="stmt"/>
        <line num="263" count="0" type="stmt"/>
        <line num="264" count="0" type="stmt"/>
        <line num="266" count="0" type="stmt"/>
        <line num="267" count="0" type="stmt"/>
        <line num="271" count="1" type="stmt"/>
        <line num="272" count="0" type="stmt"/>
        <line num="273" count="0" type="stmt"/>
        <line num="274" count="0" type="stmt"/>
        <line num="275" count="0" type="stmt"/>
        <line num="277" count="0" type="stmt"/>
        <line num="278" count="0" type="stmt"/>
        <line num="281" count="1" type="stmt"/>
      </file>
    </package>
    <package name="todo-app.models">
      <metrics statements="43" coveredstatements="28" conditionals="12" coveredconditionals="7" methods="19" coveredmethods="6"/>
      <file name="index.js" path="/home/godlord/wd201/todo-app/models/index.js">
        <metrics statements="21" coveredstatements="20" conditionals="10" coveredconditionals="7" methods="3" coveredmethods="3"/>
        <line num="3" count="1" type="stmt"/>
        <line num="4" count="1" type="stmt"/>
        <line num="5" count="1" type="stmt"/>
        <line num="6" count="1" type="stmt"/>
        <line num="7" count="1" type="stmt"/>
        <line num="8" count="1" type="cond" truecount="1" falsecount="1"/>
        <line num="9" count="1" type="stmt"/>
        <line num="10" count="1" type="stmt"/>
        <line num="13" count="1" type="cond" truecount="1" falsecount="1"/>
        <line num="14" count="0" type="stmt"/>
        <line num="16" count="1" type="stmt"/>
        <line num="19" count="1" type="stmt"/>
        <line num="22" count="3" type="stmt"/>
        <line num="30" count="2" type="stmt"/>
        <line num="31" count="2" type="stmt"/>
        <line num="34" count="1" type="stmt"/>
        <line num="35" count="1" type="cond" truecount="1" falsecount="1"/>
        <line num="36" count="1" type="stmt"/>
        <line num="40" count="1" type="stmt"/>
        <line num="41" count="1" type="stmt"/>
        <line num="43" count="1" type="stmt"/>
      </file>
      <file name="todo.js" path="/home/godlord/wd201/todo-app/models/todo.js">
        <metrics statements="15" coveredstatements="4" conditionals="0" coveredconditionals="0" methods="12" coveredmethods="1"/>
        <line num="4" count="1" type="stmt"/>
        <line num="5" count="1" type="stmt"/>
        <line num="13" count="0" type="stmt"/>
        <line num="19" count="0" type="stmt"/>
        <line num="22" count="0" type="stmt"/>
        <line num="25" count="0" type="stmt"/>
        <line num="33" count="0" type="stmt"/>
        <line num="36" count="0" type="stmt"/>
        <line num="39" count="0" type="stmt"/>
        <line num="51" count="0" type="stmt"/>
        <line num="63" count="0" type="stmt"/>
        <line num="75" count="0" type="stmt"/>
        <line num="84" count="0" type="stmt"/>
        <line num="89" count="1" type="stmt"/>
        <line num="97" count="1" type="stmt"/>
      </file>
      <file name="user.js" path="/home/godlord/wd201/todo-app/models/user.js">
        <metrics statements="7" coveredstatements="4" conditionals="2" coveredconditionals="0" methods="4" coveredmethods="2"/>
        <line num="4" count="1" type="stmt"/>
        <line num="5" count="1" type="stmt"/>
        <line num="13" count="0" type="stmt"/>
        <line num="19" count="0" type="cond" truecount="0" falsecount="2"/>
        <line num="20" count="0" type="stmt"/>
        <line num="23" count="1" type="stmt"/>
        <line num="31" count="1" type="stmt"/>
      </file>
    </package>
  </project>
</coverage>
