{"/home/godlord/wd201/todo-app/app.js": {"path":"/home/godlord/wd201/todo-app/app.js","statementMap":{"0":{"start":{"line":1,"column":16},"end":{"line":1,"column":34}},"1":{"start":{"line":2,"column":12},"end":{"line":2,"column":21}},"2":{"start":{"line":3,"column":23},"end":{"line":3,"column":42}},"3":{"start":{"line":4,"column":19},"end":{"line":4,"column":41}},"4":{"start":{"line":5,"column":13},"end":{"line":5,"column":28}},"5":{"start":{"line":6,"column":15},"end":{"line":6,"column":31}},"6":{"start":{"line":7,"column":13},"end":{"line":7,"column":33}},"7":{"start":{"line":8,"column":21},"end":{"line":8,"column":45}},"8":{"start":{"line":9,"column":0},"end":{"line":9,"column":27}},"9":{"start":{"line":10,"column":0},"end":{"line":10,"column":52}},"10":{"start":{"line":11,"column":0},"end":{"line":11,"column":47}},"11":{"start":{"line":12,"column":0},"end":{"line":12,"column":44}},"12":{"start":{"line":13,"column":0},"end":{"line":13,"column":77}},"13":{"start":{"line":14,"column":0},"end":{"line":14,"column":30}},"14":{"start":{"line":15,"column":12},"end":{"line":15,"column":26}},"15":{"start":{"line":16,"column":17},"end":{"line":16,"column":36}},"16":{"start":{"line":17,"column":27},"end":{"line":17,"column":58}},"17":{"start":{"line":18,"column":16},"end":{"line":18,"column":42}},"18":{"start":{"line":19,"column":14},"end":{"line":19,"column":38}},"19":{"start":{"line":20,"column":22},"end":{"line":20,"column":47}},"20":{"start":{"line":21,"column":15},"end":{"line":21,"column":32}},"21":{"start":{"line":22,"column":20},"end":{"line":22,"column":35}},"22":{"start":{"line":23,"column":19},"end":{"line":23,"column":21}},"23":{"start":{"line":24,"column":0},"end":{"line":24,"column":17}},"24":{"start":{"line":25,"column":0},"end":{"line":25,"column":48}},"25":{"start":{"line":26,"column":0},"end":{"line":26,"column":27}},"26":{"start":{"line":27,"column":0},"end":{"line":32,"column":3}},"27":{"start":{"line":33,"column":0},"end":{"line":36,"column":3}},"28":{"start":{"line":34,"column":2},"end":{"line":34,"column":45}},"29":{"start":{"line":35,"column":2},"end":{"line":35,"column":9}},"30":{"start":{"line":37,"column":0},"end":{"line":37,"column":31}},"31":{"start":{"line":38,"column":0},"end":{"line":38,"column":28}},"32":{"start":{"line":41,"column":0},"end":{"line":59,"column":3}},"33":{"start":{"line":45,"column":2},"end":{"line":58,"column":6}},"34":{"start":{"line":47,"column":21},"end":{"line":47,"column":66}},"35":{"start":{"line":48,"column":6},"end":{"line":52,"column":7}},"36":{"start":{"line":49,"column":8},"end":{"line":49,"column":31}},"37":{"start":{"line":51,"column":8},"end":{"line":51,"column":65}},"38":{"start":{"line":54,"column":6},"end":{"line":56,"column":8}},"39":{"start":{"line":61,"column":0},"end":{"line":64,"column":2}},"40":{"start":{"line":62,"column":2},"end":{"line":62,"column":45}},"41":{"start":{"line":63,"column":2},"end":{"line":63,"column":22}},"42":{"start":{"line":66,"column":0},"end":{"line":74,"column":3}},"43":{"start":{"line":67,"column":2},"end":{"line":73,"column":6}},"44":{"start":{"line":69,"column":6},"end":{"line":69,"column":22}},"45":{"start":{"line":72,"column":6},"end":{"line":72,"column":23}},"46":{"start":{"line":76,"column":0},"end":{"line":84,"column":8}},"47":{"start":{"line":77,"column":4},"end":{"line":79,"column":5}},"48":{"start":{"line":78,"column":5},"end":{"line":78,"column":39}},"49":{"start":{"line":80,"column":7},"end":{"line":83,"column":10}},"50":{"start":{"line":85,"column":0},"end":{"line":85,"column":56}},"51":{"start":{"line":87,"column":0},"end":{"line":115,"column":3}},"52":{"start":{"line":88,"column":2},"end":{"line":88,"column":27}},"53":{"start":{"line":89,"column":23},"end":{"line":89,"column":38}},"54":{"start":{"line":90,"column":19},"end":{"line":90,"column":52}},"55":{"start":{"line":91,"column":18},"end":{"line":91,"column":50}},"56":{"start":{"line":92,"column":19},"end":{"line":92,"column":52}},"57":{"start":{"line":93,"column":19},"end":{"line":93,"column":52}},"58":{"start":{"line":94,"column":23},"end":{"line":94,"column":62}},"59":{"start":{"line":96,"column":2},"end":{"line":114,"column":3}},"60":{"start":{"line":97,"column":4},"end":{"line":105,"column":7}},"61":{"start":{"line":108,"column":4},"end":{"line":113,"column":6}},"62":{"start":{"line":116,"column":0},"end":{"line":122,"column":2}},"63":{"start":{"line":118,"column":2},"end":{"line":121,"column":2}},"64":{"start":{"line":124,"column":0},"end":{"line":166,"column":3}},"65":{"start":{"line":126,"column":2},"end":{"line":128,"column":42}},"66":{"start":{"line":127,"column":4},"end":{"line":127,"column":45}},"67":{"start":{"line":128,"column":4},"end":{"line":128,"column":40}},"68":{"start":{"line":130,"column":2},"end":{"line":132,"column":42}},"69":{"start":{"line":131,"column":4},"end":{"line":131,"column":50}},"70":{"start":{"line":132,"column":4},"end":{"line":132,"column":40}},"71":{"start":{"line":134,"column":2},"end":{"line":136,"column":42}},"72":{"start":{"line":135,"column":4},"end":{"line":135,"column":47}},"73":{"start":{"line":136,"column":4},"end":{"line":136,"column":40}},"74":{"start":{"line":138,"column":2},"end":{"line":140,"column":42}},"75":{"start":{"line":139,"column":4},"end":{"line":139,"column":49}},"76":{"start":{"line":140,"column":4},"end":{"line":140,"column":40}},"77":{"start":{"line":142,"column":2},"end":{"line":144,"column":42}},"78":{"start":{"line":143,"column":4},"end":{"line":143,"column":76}},"79":{"start":{"line":144,"column":4},"end":{"line":144,"column":40}},"80":{"start":{"line":147,"column":19},"end":{"line":147,"column":71}},"81":{"start":{"line":148,"column":1},"end":{"line":165,"column":2}},"82":{"start":{"line":149,"column":15},"end":{"line":154,"column":4}},"83":{"start":{"line":155,"column":2},"end":{"line":161,"column":4}},"84":{"start":{"line":156,"column":4},"end":{"line":159,"column":5}},"85":{"start":{"line":157,"column":6},"end":{"line":157,"column":22}},"86":{"start":{"line":160,"column":4},"end":{"line":160,"column":32}},"87":{"start":{"line":163,"column":2},"end":{"line":163,"column":21}},"88":{"start":{"line":168,"column":0},"end":{"line":173,"column":3}},"89":{"start":{"line":169,"column":2},"end":{"line":172,"column":4}},"90":{"start":{"line":174,"column":0},"end":{"line":194,"column":3}},"91":{"start":{"line":175,"column":2},"end":{"line":193,"column":3}},"92":{"start":{"line":176,"column":32},"end":{"line":176,"column":40}},"93":{"start":{"line":177,"column":4},"end":{"line":180,"column":5}},"94":{"start":{"line":178,"column":6},"end":{"line":178,"column":70}},"95":{"start":{"line":179,"column":6},"end":{"line":179,"column":36}},"96":{"start":{"line":181,"column":17},"end":{"line":181,"column":57}},"97":{"start":{"line":182,"column":4},"end":{"line":185,"column":5}},"98":{"start":{"line":183,"column":6},"end":{"line":183,"column":54}},"99":{"start":{"line":184,"column":6},"end":{"line":184,"column":36}},"100":{"start":{"line":186,"column":2},"end":{"line":186,"column":49}},"101":{"start":{"line":187,"column":4},"end":{"line":187,"column":34}},"102":{"start":{"line":190,"column":4},"end":{"line":190,"column":25}},"103":{"start":{"line":191,"column":4},"end":{"line":191,"column":44}},"104":{"start":{"line":192,"column":4},"end":{"line":192,"column":27}},"105":{"start":{"line":195,"column":0},"end":{"line":199,"column":3}},"106":{"start":{"line":197,"column":2},"end":{"line":197,"column":28}},"107":{"start":{"line":198,"column":2},"end":{"line":198,"column":30}},"108":{"start":{"line":200,"column":0},"end":{"line":205,"column":2}},"109":{"start":{"line":201,"column":2},"end":{"line":204,"column":4}},"110":{"start":{"line":202,"column":4},"end":{"line":202,"column":33}},"111":{"start":{"line":202,"column":14},"end":{"line":202,"column":31}},"112":{"start":{"line":203,"column":2},"end":{"line":203,"column":25}},"113":{"start":{"line":206,"column":0},"end":{"line":216,"column":3}},"114":{"start":{"line":207,"column":2},"end":{"line":207,"column":50}},"115":{"start":{"line":208,"column":2},"end":{"line":215,"column":3}},"116":{"start":{"line":209,"column":18},"end":{"line":209,"column":38}},"117":{"start":{"line":210,"column":4},"end":{"line":210,"column":32}},"118":{"start":{"line":213,"column":4},"end":{"line":213,"column":23}},"119":{"start":{"line":214,"column":4},"end":{"line":214,"column":31}},"120":{"start":{"line":218,"column":0},"end":{"line":226,"column":3}},"121":{"start":{"line":219,"column":2},"end":{"line":225,"column":3}},"122":{"start":{"line":220,"column":17},"end":{"line":220,"column":55}},"123":{"start":{"line":221,"column":4},"end":{"line":221,"column":31}},"124":{"start":{"line":223,"column":4},"end":{"line":223,"column":23}},"125":{"start":{"line":224,"column":4},"end":{"line":224,"column":44}},"126":{"start":{"line":228,"column":0},"end":{"line":248,"column":3}},"127":{"start":{"line":229,"column":2},"end":{"line":232,"column":3}},"128":{"start":{"line":230,"column":4},"end":{"line":230,"column":57}},"129":{"start":{"line":231,"column":4},"end":{"line":231,"column":39}},"130":{"start":{"line":233,"column":2},"end":{"line":236,"column":3}},"131":{"start":{"line":234,"column":4},"end":{"line":234,"column":57}},"132":{"start":{"line":235,"column":4},"end":{"line":235,"column":39}},"133":{"start":{"line":237,"column":2},"end":{"line":247,"column":3}},"134":{"start":{"line":238,"column":4},"end":{"line":242,"column":6}},"135":{"start":{"line":243,"column":4},"end":{"line":243,"column":39}},"136":{"start":{"line":245,"column":4},"end":{"line":245,"column":23}},"137":{"start":{"line":246,"column":4},"end":{"line":246,"column":44}},"138":{"start":{"line":260,"column":0},"end":{"line":269,"column":3}},"139":{"start":{"line":261,"column":15},"end":{"line":261,"column":53}},"140":{"start":{"line":262,"column":2},"end":{"line":268,"column":3}},"141":{"start":{"line":263,"column":24},"end":{"line":263,"column":78}},"142":{"start":{"line":264,"column":4},"end":{"line":264,"column":38}},"143":{"start":{"line":266,"column":4},"end":{"line":266,"column":23}},"144":{"start":{"line":267,"column":4},"end":{"line":267,"column":44}},"145":{"start":{"line":271,"column":0},"end":{"line":280,"column":3}},"146":{"start":{"line":272,"column":2},"end":{"line":272,"column":71}},"147":{"start":{"line":273,"column":2},"end":{"line":279,"column":3}},"148":{"start":{"line":274,"column":4},"end":{"line":274,"column":58}},"149":{"start":{"line":275,"column":4},"end":{"line":275,"column":42}},"150":{"start":{"line":277,"column":4},"end":{"line":277,"column":23}},"151":{"start":{"line":278,"column":4},"end":{"line":278,"column":44}},"152":{"start":{"line":281,"column":0},"end":{"line":281,"column":21}}},"fnMap":{"0":{"name":"(anonymous_0)","decl":{"start":{"line":33,"column":8},"end":{"line":33,"column":9}},"loc":{"start":{"line":33,"column":42},"end":{"line":36,"column":1}},"line":33},"1":{"name":"(anonymous_1)","decl":{"start":{"line":44,"column":3},"end":{"line":44,"column":4}},"loc":{"start":{"line":44,"column":33},"end":{"line":59,"column":1}},"line":44},"2":{"name":"(anonymous_2)","decl":{"start":{"line":46,"column":10},"end":{"line":46,"column":11}},"loc":{"start":{"line":46,"column":32},"end":{"line":53,"column":5}},"line":46},"3":{"name":"(anonymous_3)","decl":{"start":{"line":53,"column":13},"end":{"line":53,"column":14}},"loc":{"start":{"line":53,"column":24},"end":{"line":58,"column":5}},"line":53},"4":{"name":"(anonymous_4)","decl":{"start":{"line":61,"column":23},"end":{"line":61,"column":24}},"loc":{"start":{"line":61,"column":39},"end":{"line":64,"column":1}},"line":61},"5":{"name":"(anonymous_5)","decl":{"start":{"line":66,"column":25},"end":{"line":66,"column":26}},"loc":{"start":{"line":66,"column":39},"end":{"line":74,"column":1}},"line":66},"6":{"name":"(anonymous_6)","decl":{"start":{"line":68,"column":10},"end":{"line":68,"column":11}},"loc":{"start":{"line":68,"column":18},"end":{"line":70,"column":5}},"line":68},"7":{"name":"(anonymous_7)","decl":{"start":{"line":71,"column":11},"end":{"line":71,"column":12}},"loc":{"start":{"line":71,"column":20},"end":{"line":73,"column":5}},"line":71},"8":{"name":"(anonymous_8)","decl":{"start":{"line":76,"column":13},"end":{"line":76,"column":14}},"loc":{"start":{"line":76,"column":42},"end":{"line":84,"column":6}},"line":76},"9":{"name":"(anonymous_9)","decl":{"start":{"line":87,"column":56},"end":{"line":87,"column":57}},"loc":{"start":{"line":87,"column":85},"end":{"line":115,"column":1}},"line":87},"10":{"name":"(anonymous_10)","decl":{"start":{"line":116,"column":19},"end":{"line":116,"column":20}},"loc":{"start":{"line":116,"column":43},"end":{"line":122,"column":1}},"line":116},"11":{"name":"(anonymous_11)","decl":{"start":{"line":124,"column":19},"end":{"line":124,"column":20}},"loc":{"start":{"line":124,"column":49},"end":{"line":166,"column":1}},"line":124},"12":{"name":"(anonymous_12)","decl":{"start":{"line":155,"column":22},"end":{"line":155,"column":23}},"loc":{"start":{"line":155,"column":31},"end":{"line":161,"column":3}},"line":155},"13":{"name":"(anonymous_13)","decl":{"start":{"line":168,"column":18},"end":{"line":168,"column":19}},"loc":{"start":{"line":168,"column":42},"end":{"line":173,"column":1}},"line":168},"14":{"name":"(anonymous_14)","decl":{"start":{"line":174,"column":19},"end":{"line":174,"column":20}},"loc":{"start":{"line":174,"column":39},"end":{"line":194,"column":1}},"line":174},"15":{"name":"(anonymous_15)","decl":{"start":{"line":196,"column":0},"end":{"line":196,"column":1}},"loc":{"start":{"line":196,"column":30},"end":{"line":199,"column":1}},"line":196},"16":{"name":"(anonymous_16)","decl":{"start":{"line":200,"column":20},"end":{"line":200,"column":21}},"loc":{"start":{"line":200,"column":50},"end":{"line":205,"column":1}},"line":200},"17":{"name":"(anonymous_17)","decl":{"start":{"line":201,"column":17},"end":{"line":201,"column":18}},"loc":{"start":{"line":201,"column":26},"end":{"line":204,"column":3}},"line":201},"18":{"name":"(anonymous_18)","decl":{"start":{"line":206,"column":18},"end":{"line":206,"column":19}},"loc":{"start":{"line":206,"column":54},"end":{"line":216,"column":1}},"line":206},"19":{"name":"(anonymous_19)","decl":{"start":{"line":218,"column":59},"end":{"line":218,"column":60}},"loc":{"start":{"line":218,"column":94},"end":{"line":226,"column":1}},"line":218},"20":{"name":"(anonymous_20)","decl":{"start":{"line":228,"column":57},"end":{"line":228,"column":58}},"loc":{"start":{"line":228,"column":92},"end":{"line":248,"column":1}},"line":228},"21":{"name":"(anonymous_21)","decl":{"start":{"line":260,"column":58},"end":{"line":260,"column":59}},"loc":{"start":{"line":260,"column":93},"end":{"line":269,"column":1}},"line":260},"22":{"name":"(anonymous_22)","decl":{"start":{"line":271,"column":61},"end":{"line":271,"column":62}},"loc":{"start":{"line":271,"column":96},"end":{"line":280,"column":1}},"line":271}},"branchMap":{"0":{"loc":{"start":{"line":48,"column":6},"end":{"line":52,"column":7}},"type":"if","locations":[{"start":{"line":48,"column":6},"end":{"line":52,"column":7}},{"start":{"line":50,"column":12},"end":{"line":52,"column":7}}],"line":48},"1":{"loc":{"start":{"line":77,"column":4},"end":{"line":79,"column":5}},"type":"if","locations":[{"start":{"line":77,"column":4},"end":{"line":79,"column":5}},{"start":{},"end":{}}],"line":77},"2":{"loc":{"start":{"line":96,"column":2},"end":{"line":114,"column":3}},"type":"if","locations":[{"start":{"line":96,"column":2},"end":{"line":114,"column":3}},{"start":{"line":107,"column":7},"end":{"line":114,"column":3}}],"line":96},"3":{"loc":{"start":{"line":126,"column":2},"end":{"line":128,"column":42}},"type":"if","locations":[{"start":{"line":126,"column":2},"end":{"line":128,"column":42}},{"start":{},"end":{}}],"line":126},"4":{"loc":{"start":{"line":130,"column":2},"end":{"line":132,"column":42}},"type":"if","locations":[{"start":{"line":130,"column":2},"end":{"line":132,"column":42}},{"start":{},"end":{}}],"line":130},"5":{"loc":{"start":{"line":134,"column":2},"end":{"line":136,"column":42}},"type":"if","locations":[{"start":{"line":134,"column":2},"end":{"line":136,"column":42}},{"start":{},"end":{}}],"line":134},"6":{"loc":{"start":{"line":138,"column":2},"end":{"line":140,"column":42}},"type":"if","locations":[{"start":{"line":138,"column":2},"end":{"line":140,"column":42}},{"start":{},"end":{}}],"line":138},"7":{"loc":{"start":{"line":142,"column":2},"end":{"line":144,"column":42}},"type":"if","locations":[{"start":{"line":142,"column":2},"end":{"line":144,"column":42}},{"start":{},"end":{}}],"line":142},"8":{"loc":{"start":{"line":156,"column":4},"end":{"line":159,"column":5}},"type":"if","locations":[{"start":{"line":156,"column":4},"end":{"line":159,"column":5}},{"start":{},"end":{}}],"line":156},"9":{"loc":{"start":{"line":177,"column":4},"end":{"line":180,"column":5}},"type":"if","locations":[{"start":{"line":177,"column":4},"end":{"line":180,"column":5}},{"start":{},"end":{}}],"line":177},"10":{"loc":{"start":{"line":177,"column":8},"end":{"line":177,"column":27}},"type":"binary-expr","locations":[{"start":{"line":177,"column":8},"end":{"line":177,"column":14}},{"start":{"line":177,"column":18},"end":{"line":177,"column":27}}],"line":177},"11":{"loc":{"start":{"line":182,"column":4},"end":{"line":185,"column":5}},"type":"if","locations":[{"start":{"line":182,"column":4},"end":{"line":185,"column":5}},{"start":{},"end":{}}],"line":182},"12":{"loc":{"start":{"line":182,"column":8},"end":{"line":182,"column":48}},"type":"binary-expr","locations":[{"start":{"line":182,"column":8},"end":{"line":182,"column":13}},{"start":{"line":182,"column":17},"end":{"line":182,"column":48}}],"line":182},"13":{"loc":{"start":{"line":202,"column":4},"end":{"line":202,"column":33}},"type":"if","locations":[{"start":{"line":202,"column":4},"end":{"line":202,"column":33}},{"start":{},"end":{}}],"line":202},"14":{"loc":{"start":{"line":229,"column":2},"end":{"line":232,"column":3}},"type":"if","locations":[{"start":{"line":229,"column":2},"end":{"line":232,"column":3}},{"start":{},"end":{}}],"line":229},"15":{"loc":{"start":{"line":233,"column":2},"end":{"line":236,"column":3}},"type":"if","locations":[{"start":{"line":233,"column":2},"end":{"line":236,"column":3}},{"start":{},"end":{}}],"line":233}},"s":{"0":1,"1":1,"2":1,"3":1,"4":1,"5":1,"6":1,"7":1,"8":1,"9":1,"10":1,"11":1,"12":1,"13":1,"14":1,"15":1,"16":1,"17":1,"18":1,"19":1,"20":1,"21":1,"22":1,"23":1,"24":1,"25":1,"26":1,"27":1,"28":13,"29":13,"30":1,"31":1,"32":1,"33":1,"34":0,"35":0,"36":0,"37":0,"38":0,"39":1,"40":0,"41":0,"42":1,"43":0,"44":0,"45":0,"46":1,"47":7,"48":0,"49":7,"50":1,"51":1,"52":0,"53":0,"54":0,"55":0,"56":0,"57":0,"58":0,"59":0,"60":0,"61":0,"62":1,"63":0,"64":1,"65":0,"66":0,"67":0,"68":0,"69":0,"70":0,"71":0,"72":0,"73":0,"74":0,"75":0,"76":0,"77":0,"78":0,"79":0,"80":0,"81":0,"82":0,"83":0,"84":0,"85":0,"86":0,"87":0,"88":1,"89":1,"90":1,"91":0,"92":0,"93":0,"94":0,"95":0,"96":0,"97":0,"98":0,"99":0,"100":0,"101":0,"102":0,"103":0,"104":0,"105":1,"106":0,"107":0,"108":1,"109":1,"110":1,"111":0,"112":1,"113":1,"114":0,"115":0,"116":0,"117":0,"118":0,"119":0,"120":1,"121":0,"122":0,"123":0,"124":0,"125":0,"126":1,"127":0,"128":0,"129":0,"130":0,"131":0,"132":0,"133":0,"134":0,"135":0,"136":0,"137":0,"138":1,"139":0,"140":0,"141":0,"142":0,"143":0,"144":0,"145":1,"146":0,"147":0,"148":0,"149":0,"150":0,"151":0,"152":1},"f":{"0":13,"1":1,"2":0,"3":0,"4":0,"5":0,"6":0,"7":0,"8":7,"9":0,"10":0,"11":0,"12":0,"13":1,"14":0,"15":0,"16":1,"17":1,"18":0,"19":0,"20":0,"21":0,"22":0},"b":{"0":[0,0],"1":[0,7],"2":[0,0],"3":[0,0],"4":[0,0],"5":[0,0],"6":[0,0],"7":[0,0],"8":[0,0],"9":[0,0],"10":[0,0],"11":[0,0],"12":[0,0],"13":[0,1],"14":[0,0],"15":[0,0]},"_coverageSchema":"1a1c01bbd47fc00a2c39e90264f33305004495a9","hash":"e76fa5f3602701725a178b79ac267f9c7e9169d3"}
,"/home/godlord/wd201/todo-app/models/index.js": {"path":"/home/godlord/wd201/todo-app/models/index.js","statementMap":{"0":{"start":{"line":3,"column":11},"end":{"line":3,"column":24}},"1":{"start":{"line":4,"column":13},"end":{"line":4,"column":28}},"2":{"start":{"line":5,"column":18},"end":{"line":5,"column":38}},"3":{"start":{"line":6,"column":16},"end":{"line":6,"column":34}},"4":{"start":{"line":7,"column":17},"end":{"line":7,"column":42}},"5":{"start":{"line":8,"column":12},"end":{"line":8,"column":49}},"6":{"start":{"line":9,"column":15},"end":{"line":9,"column":65}},"7":{"start":{"line":10,"column":11},"end":{"line":10,"column":13}},"8":{"start":{"line":13,"column":0},"end":{"line":17,"column":1}},"9":{"start":{"line":14,"column":2},"end":{"line":14,"column":74}},"10":{"start":{"line":16,"column":2},"end":{"line":16,"column":87}},"11":{"start":{"line":19,"column":0},"end":{"line":32,"column":5}},"12":{"start":{"line":22,"column":4},"end":{"line":27,"column":6}},"13":{"start":{"line":30,"column":18},"end":{"line":30,"column":85}},"14":{"start":{"line":31,"column":4},"end":{"line":31,"column":27}},"15":{"start":{"line":34,"column":0},"end":{"line":38,"column":3}},"16":{"start":{"line":35,"column":2},"end":{"line":37,"column":3}},"17":{"start":{"line":36,"column":4},"end":{"line":36,"column":32}},"18":{"start":{"line":40,"column":0},"end":{"line":40,"column":25}},"19":{"start":{"line":41,"column":0},"end":{"line":41,"column":25}},"20":{"start":{"line":43,"column":0},"end":{"line":43,"column":20}}},"fnMap":{"0":{"name":"(anonymous_0)","decl":{"start":{"line":21,"column":10},"end":{"line":21,"column":11}},"loc":{"start":{"line":21,"column":18},"end":{"line":28,"column":3}},"line":21},"1":{"name":"(anonymous_1)","decl":{"start":{"line":29,"column":11},"end":{"line":29,"column":12}},"loc":{"start":{"line":29,"column":19},"end":{"line":32,"column":3}},"line":29},"2":{"name":"(anonymous_2)","decl":{"start":{"line":34,"column":24},"end":{"line":34,"column":25}},"loc":{"start":{"line":34,"column":37},"end":{"line":38,"column":1}},"line":34}},"branchMap":{"0":{"loc":{"start":{"line":8,"column":12},"end":{"line":8,"column":49}},"type":"binary-expr","locations":[{"start":{"line":8,"column":12},"end":{"line":8,"column":32}},{"start":{"line":8,"column":36},"end":{"line":8,"column":49}}],"line":8},"1":{"loc":{"start":{"line":13,"column":0},"end":{"line":17,"column":1}},"type":"if","locations":[{"start":{"line":13,"column":0},"end":{"line":17,"column":1}},{"start":{"line":15,"column":7},"end":{"line":17,"column":1}}],"line":13},"2":{"loc":{"start":{"line":23,"column":6},"end":{"line":26,"column":37}},"type":"binary-expr","locations":[{"start":{"line":23,"column":6},"end":{"line":23,"column":29}},{"start":{"line":24,"column":6},"end":{"line":24,"column":23}},{"start":{"line":25,"column":6},"end":{"line":25,"column":30}},{"start":{"line":26,"column":6},"end":{"line":26,"column":37}}],"line":23},"3":{"loc":{"start":{"line":35,"column":2},"end":{"line":37,"column":3}},"type":"if","locations":[{"start":{"line":35,"column":2},"end":{"line":37,"column":3}},{"start":{},"end":{}}],"line":35}},"s":{"0":1,"1":1,"2":1,"3":1,"4":1,"5":1,"6":1,"7":1,"8":1,"9":0,"10":1,"11":1,"12":3,"13":2,"14":2,"15":1,"16":1,"17":1,"18":1,"19":1,"20":1},"f":{"0":3,"1":2,"2":1},"b":{"0":[1,0],"1":[0,1],"2":[3,3,2,2],"3":[1,0]},"_coverageSchema":"1a1c01bbd47fc00a2c39e90264f33305004495a9","hash":"1266a1535084886b1db863d19021fe6a76eac518"}
,"/home/godlord/wd201/todo-app/models/todo.js": {"path":"/home/godlord/wd201/todo-app/models/todo.js","statementMap":{"0":{"start":{"line":4,"column":4},"end":{"line":4,"column":24}},"1":{"start":{"line":5,"column":0},"end":{"line":98,"column":2}},"2":{"start":{"line":13,"column":6},"end":{"line":16,"column":6}},"3":{"start":{"line":19,"column":6},"end":{"line":19,"column":83}},"4":{"start":{"line":22,"column":6},"end":{"line":22,"column":54}},"5":{"start":{"line":25,"column":6},"end":{"line":30,"column":9}},"6":{"start":{"line":33,"column":6},"end":{"line":33,"column":43}},"7":{"start":{"line":36,"column":6},"end":{"line":36,"column":46}},"8":{"start":{"line":39,"column":6},"end":{"line":48,"column":9}},"9":{"start":{"line":51,"column":6},"end":{"line":60,"column":9}},"10":{"start":{"line":63,"column":6},"end":{"line":72,"column":9}},"11":{"start":{"line":75,"column":6},"end":{"line":81,"column":9}},"12":{"start":{"line":84,"column":6},"end":{"line":86,"column":9}},"13":{"start":{"line":89,"column":2},"end":{"line":96,"column":5}},"14":{"start":{"line":97,"column":2},"end":{"line":97,"column":14}}},"fnMap":{"0":{"name":"(anonymous_0)","decl":{"start":{"line":5,"column":17},"end":{"line":5,"column":18}},"loc":{"start":{"line":5,"column":43},"end":{"line":98,"column":1}},"line":5},"1":{"name":"(anonymous_1)","decl":{"start":{"line":12,"column":4},"end":{"line":12,"column":5}},"loc":{"start":{"line":12,"column":29},"end":{"line":17,"column":5}},"line":12},"2":{"name":"(anonymous_2)","decl":{"start":{"line":18,"column":4},"end":{"line":18,"column":5}},"loc":{"start":{"line":18,"column":46},"end":{"line":20,"column":5}},"line":18},"3":{"name":"(anonymous_3)","decl":{"start":{"line":21,"column":4},"end":{"line":21,"column":5}},"loc":{"start":{"line":21,"column":22},"end":{"line":23,"column":5}},"line":21},"4":{"name":"(anonymous_4)","decl":{"start":{"line":24,"column":4},"end":{"line":24,"column":5}},"loc":{"start":{"line":24,"column":36},"end":{"line":31,"column":7}},"line":24},"5":{"name":"(anonymous_5)","decl":{"start":{"line":32,"column":4},"end":{"line":32,"column":5}},"loc":{"start":{"line":32,"column":22},"end":{"line":34,"column":5}},"line":32},"6":{"name":"(anonymous_6)","decl":{"start":{"line":35,"column":4},"end":{"line":35,"column":5}},"loc":{"start":{"line":35,"column":30},"end":{"line":37,"column":5}},"line":35},"7":{"name":"(anonymous_7)","decl":{"start":{"line":38,"column":4},"end":{"line":38,"column":5}},"loc":{"start":{"line":38,"column":27},"end":{"line":49,"column":5}},"line":38},"8":{"name":"(anonymous_8)","decl":{"start":{"line":50,"column":4},"end":{"line":50,"column":5}},"loc":{"start":{"line":50,"column":28},"end":{"line":61,"column":5}},"line":50},"9":{"name":"(anonymous_9)","decl":{"start":{"line":62,"column":4},"end":{"line":62,"column":5}},"loc":{"start":{"line":62,"column":28},"end":{"line":73,"column":5}},"line":62},"10":{"name":"(anonymous_10)","decl":{"start":{"line":74,"column":4},"end":{"line":74,"column":5}},"loc":{"start":{"line":74,"column":34},"end":{"line":82,"column":5}},"line":74},"11":{"name":"(anonymous_11)","decl":{"start":{"line":83,"column":4},"end":{"line":83,"column":5}},"loc":{"start":{"line":83,"column":37},"end":{"line":87,"column":5}},"line":83}},"branchMap":{},"s":{"0":1,"1":1,"2":0,"3":0,"4":0,"5":0,"6":0,"7":0,"8":0,"9":0,"10":0,"11":0,"12":0,"13":1,"14":1},"f":{"0":1,"1":0,"2":0,"3":0,"4":0,"5":0,"6":0,"7":0,"8":0,"9":0,"10":0,"11":0},"b":{},"_coverageSchema":"1a1c01bbd47fc00a2c39e90264f33305004495a9","hash":"15454eb03c0eddb3278f45a79056a55d55fbf6cb"}
,"/home/godlord/wd201/todo-app/models/user.js": {"path":"/home/godlord/wd201/todo-app/models/user.js","statementMap":{"0":{"start":{"line":4,"column":4},"end":{"line":4,"column":24}},"1":{"start":{"line":5,"column":0},"end":{"line":32,"column":2}},"2":{"start":{"line":13,"column":6},"end":{"line":13,"column":40}},"3":{"start":{"line":19,"column":21},"end":{"line":19,"column":51}},"4":{"start":{"line":20,"column":6},"end":{"line":20,"column":69}},"5":{"start":{"line":23,"column":2},"end":{"line":30,"column":5}},"6":{"start":{"line":31,"column":2},"end":{"line":31,"column":14}}},"fnMap":{"0":{"name":"(anonymous_0)","decl":{"start":{"line":5,"column":17},"end":{"line":5,"column":18}},"loc":{"start":{"line":5,"column":43},"end":{"line":32,"column":1}},"line":5},"1":{"name":"(anonymous_1)","decl":{"start":{"line":12,"column":5},"end":{"line":12,"column":6}},"loc":{"start":{"line":12,"column":34},"end":{"line":14,"column":5}},"line":12},"2":{"name":"(anonymous_2)","decl":{"start":{"line":15,"column":4},"end":{"line":15,"column":5}},"loc":{"start":{"line":15,"column":29},"end":{"line":17,"column":5}},"line":15},"3":{"name":"(anonymous_3)","decl":{"start":{"line":18,"column":4},"end":{"line":18,"column":5}},"loc":{"start":{"line":18,"column":24},"end":{"line":21,"column":5}},"line":18}},"branchMap":{"0":{"loc":{"start":{"line":19,"column":21},"end":{"line":19,"column":51}},"type":"cond-expr","locations":[{"start":{"line":19,"column":38},"end":{"line":19,"column":43}},{"start":{"line":19,"column":46},"end":{"line":19,"column":51}}],"line":19}},"s":{"0":1,"1":1,"2":0,"3":0,"4":0,"5":1,"6":1},"f":{"0":1,"1":0,"2":1,"3":0},"b":{"0":[0,0]},"_coverageSchema":"1a1c01bbd47fc00a2c39e90264f33305004495a9","hash":"0b4a4e88ac8beb071e8b1bb7875e1d6cca876e45"}
}
